 
****************************************
Report : area
Design : eBike
Version: P-2019.03
Date   : Wed Dec 11 01:15:26 2019
****************************************

Library(s) Used:

    saed32rvt_tt0p85v25c (File: /cae/apps/data/saed32_edk-2018/lib/stdcell_rvt/db_ccs/saed32rvt_tt0p85v25c.db)

Number of ports:                           25
Number of nets:                          4348
Number of cells:                         3669
Number of combinational cells:           3065
Number of sequential cells:               590
Number of macros/black boxes:               0
Number of buf/inv:                        302
Number of references:                      68

Combinational area:               9235.084667
Buf/Inv area:                      467.116678
Noncombinational area:            4138.480980
Macro/Black Box area:                0.000000
Net Interconnect area:            2590.397489

Total cell area:                 13373.565647
Total area:                      15963.963136
1
