 
****************************************
Report : timing
        -path full
        -delay min
        -max_paths 1
Design : eBike
Version: P-2019.03
Date   : Wed Dec 11 01:15:26 2019
****************************************

Operating Conditions: tt0p85v25c   Library: saed32rvt_tt0p85v25c
Wire Load Model Mode: enclosed

  Startpoint: iA2D_intf/count_reg[0]
              (rising edge-triggered flip-flop clocked by clk)
  Endpoint: iA2D_intf/count_reg[0]
            (rising edge-triggered flip-flop clocked by clk)
  Path Group: clk
  Path Type: min

  Des/Clust/Port     Wire Load Model       Library
  ------------------------------------------------
  eBike              16000                 saed32rvt_tt0p85v25c

  Point                                                   Incr       Path
  --------------------------------------------------------------------------
  clock clk (rise edge)                                   0.00       0.00
  clock network delay (ideal)                             0.00       0.00
  iA2D_intf/count_reg[0]/CLK (DFFARX1_RVT)                0.00       0.00 r
  iA2D_intf/count_reg[0]/QN (DFFARX1_RVT)                 0.09       0.09 f
  iA2D_intf/count_reg[0]/D (DFFARX1_RVT)                  0.01       0.10 f
  data arrival time                                                  0.10

  clock clk (rise edge)                                   0.00       0.00
  clock network delay (ideal)                             0.00       0.00
  clock uncertainty                                       0.12       0.12
  iA2D_intf/count_reg[0]/CLK (DFFARX1_RVT)                0.00       0.12 r
  library hold time                                      -0.02       0.10
  data required time                                                 0.10
  --------------------------------------------------------------------------
  data required time                                                 0.10
  data arrival time                                                 -0.10
  --------------------------------------------------------------------------
  slack (MET)                                                        0.01


1
